[INFO] 20:31:37:390 ENTRENADOR/(2820:2820): Proceso ENTRENADOR
[INFO] 22:54:30:116 ENTRENADOR/(2876:2876): Proceso ENTRENADOR
[INFO] 22:54:42:910 ENTRENADOR/(2881:2881): Proceso ENTRENADOR
[INFO] 00:24:06:798 ENTRENADOR/(4470:4470): Proceso ENTRENADOR
[INFO] 00:26:28:956 ENTRENADOR/(4588:4588): Proceso ENTRENADOR
[INFO] 00:26:31:665 ENTRENADOR/(4588:4588): Archivo de configuracion leido correctamente
[INFO] 00:28:13:412 ENTRENADOR/(4666:4666): Proceso ENTRENADOR
[INFO] 00:28:19:153 ENTRENADOR/(4668:4668): Proceso ENTRENADOR
[INFO] 00:28:20:801 ENTRENADOR/(4668:4668): Archivo de configuracion leido correctamente
[INFO] 00:28:20:801 ENTRENADOR/(4668:4668): Conectado al servidor
[INFO] 00:28:20:801 ENTRENADOR/(4668:4668): Se envio el mensaje
[INFO] 00:28:54:71 ENTRENADOR/(4668:4668): Se envio el mensaje
[INFO] 00:28:55:633 ENTRENADOR/(4668:4668): Se envio el mensaje
[INFO] 00:28:57:859 ENTRENADOR/(4668:4668): Se envio el mensaje
[INFO] 00:29:22:68 ENTRENADOR/(4668:4668): Se envio el mensaje
[INFO] 00:29:47:122 ENTRENADOR/(4756:4756): Proceso ENTRENADOR
[INFO] 00:29:53:615 ENTRENADOR/(4756:4756): Archivo de configuracion leido correctamente
[INFO] 00:30:20:517 ENTRENADOR/(4816:4816): Proceso ENTRENADOR
[INFO] 00:30:22:76 ENTRENADOR/(4816:4816): Archivo de configuracion leido correctamente
[INFO] 00:30:22:76 ENTRENADOR/(4816:4816): Conectado al servidor
[INFO] 00:30:22:76 ENTRENADOR/(4816:4816): Se envio el mensaje
[INFO] 00:30:34:470 ENTRENADOR/(4861:4861): Proceso ENTRENADOR
[INFO] 00:30:36:37 ENTRENADOR/(4861:4861): Archivo de configuracion leido correctamente
[INFO] 00:30:36:37 ENTRENADOR/(4861:4861): Conectado al servidor
[INFO] 00:30:36:37 ENTRENADOR/(4861:4861): Se envio el mensaje
[INFO] 00:30:42:354 ENTRENADOR/(4861:4861): Se envio el mensaje
[INFO] 00:30:46:140 ENTRENADOR/(4861:4861): Se envio el mensaje
[INFO] 00:30:53:907 ENTRENADOR/(4902:4902): Proceso ENTRENADOR
[INFO] 00:31:01:793 ENTRENADOR/(4902:4902): Archivo de configuracion leido correctamente
[INFO] 00:31:01:793 ENTRENADOR/(4902:4902): Conectado al servidor
[INFO] 00:31:01:793 ENTRENADOR/(4902:4902): Se envio el mensaje
[INFO] 00:31:07:180 ENTRENADOR/(4902:4902): Se envio el mensaje
[INFO] 00:31:07:862 ENTRENADOR/(4902:4902): Se envio el mensaje
[INFO] 00:31:13:284 ENTRENADOR/(4906:4906): Proceso ENTRENADOR
[INFO] 00:31:16:584 ENTRENADOR/(4906:4906): Archivo de configuracion leido correctamente
[INFO] 00:31:16:584 ENTRENADOR/(4906:4906): Conectado al servidor
[INFO] 00:31:16:584 ENTRENADOR/(4906:4906): Se envio el mensaje
[INFO] 00:31:27:607 ENTRENADOR/(4910:4910): Proceso ENTRENADOR
[INFO] 00:31:30:414 ENTRENADOR/(4910:4910): Archivo de configuracion leido correctamente
[INFO] 00:31:30:414 ENTRENADOR/(4910:4910): Conectado al servidor
[INFO] 00:31:30:414 ENTRENADOR/(4910:4910): Se envio el mensaje
[INFO] 00:32:21:785 ENTRENADOR/(4910:4910): Se envio el mensaje
[INFO] 00:32:23:589 ENTRENADOR/(4910:4910): Se envio el mensaje
[INFO] 00:32:24:468 ENTRENADOR/(4910:4910): Se envio el mensaje
[INFO] 00:32:24:863 ENTRENADOR/(4910:4910): Se envio el mensaje
[INFO] 00:32:25:137 ENTRENADOR/(4910:4910): Se envio el mensaje
[INFO] 00:32:25:398 ENTRENADOR/(4910:4910): Se envio el mensaje
[INFO] 00:32:51:567 ENTRENADOR/(4861:4861): Se envio el mensaje
[INFO] 00:32:53:351 ENTRENADOR/(4861:4861): Se envio el mensaje
[INFO] 00:32:54:641 ENTRENADOR/(4861:4861): Se envio el mensaje
[INFO] 00:32:54:908 ENTRENADOR/(4861:4861): Se envio el mensaje
[INFO] 00:32:55:146 ENTRENADOR/(4861:4861): Se envio el mensaje
[INFO] 00:32:55:353 ENTRENADOR/(4861:4861): Se envio el mensaje
[INFO] 00:32:55:954 ENTRENADOR/(4861:4861): Se envio el mensaje
[INFO] 00:32:59:947 ENTRENADOR/(4910:4910): Se envio el mensaje
[INFO] 00:33:03:198 ENTRENADOR/(4816:4816): Se envio el mensaje
[INFO] 00:44:49:33 ENTRENADOR/(5735:5735): Proceso ENTRENADOR
[INFO] 00:44:53:377 ENTRENADOR/(5737:5737): Proceso ENTRENADOR
[INFO] 00:46:01:918 ENTRENADOR/(5812:5812): Proceso ENTRENADOR
[INFO] 00:46:03:836 ENTRENADOR/(5812:5812): Archivo de configuracion leido correctamente
[INFO] 00:46:03:844 ENTRENADOR/(5812:5812): Conectado al servidor
[INFO] 00:46:03:846 ENTRENADOR/(5812:5812): Se envio el mensaje
[INFO] 00:46:56:170 ENTRENADOR/(5813:5813): Proceso ENTRENADOR
[INFO] 00:46:59:270 ENTRENADOR/(5813:5813): Archivo de configuracion leido correctamente
[INFO] 00:46:59:276 ENTRENADOR/(5813:5813): Conectado al servidor
[INFO] 00:46:59:278 ENTRENADOR/(5813:5813): Se envio el mensaje
[INFO] 00:47:02:964 ENTRENADOR/(5813:5813): Se envio el mensaje
[INFO] 00:47:22:284 ENTRENADOR/(5816:5816): Proceso ENTRENADOR
[INFO] 00:47:24:683 ENTRENADOR/(5816:5816): Archivo de configuracion leido correctamente
[INFO] 00:47:24:689 ENTRENADOR/(5816:5816): Conectado al servidor
[INFO] 00:47:24:691 ENTRENADOR/(5816:5816): Se envio el mensaje
[INFO] 00:47:51:811 ENTRENADOR/(5818:5818): Proceso ENTRENADOR
[INFO] 00:47:53:345 ENTRENADOR/(5818:5818): Archivo de configuracion leido correctamente
[INFO] 00:47:53:351 ENTRENADOR/(5818:5818): Conectado al servidor
[INFO] 00:47:53:352 ENTRENADOR/(5818:5818): Se envio el mensaje
[INFO] 00:48:12:499 ENTRENADOR/(5820:5820): Proceso ENTRENADOR
[INFO] 00:48:14:971 ENTRENADOR/(5820:5820): Archivo de configuracion leido correctamente
[INFO] 00:48:14:979 ENTRENADOR/(5820:5820): Conectado al servidor
[INFO] 00:48:14:981 ENTRENADOR/(5820:5820): Se envio el mensaje
[INFO] 00:48:31:554 ENTRENADOR/(5822:5822): Proceso ENTRENADOR
[INFO] 00:48:35:322 ENTRENADOR/(5822:5822): Archivo de configuracion leido correctamente
[INFO] 00:48:35:326 ENTRENADOR/(5822:5822): Conectado al servidor
[INFO] 00:48:35:330 ENTRENADOR/(5822:5822): Se envio el mensaje
[INFO] 00:50:04:534 ENTRENADOR/(5919:5919): Proceso ENTRENADOR
[INFO] 00:50:06:634 ENTRENADOR/(5919:5919): Archivo de configuracion leido correctamente
[INFO] 00:50:06:637 ENTRENADOR/(5919:5919): Conectado al servidor
[INFO] 00:50:06:638 ENTRENADOR/(5919:5919): Se envio el mensaje
[INFO] 00:51:29:138 ENTRENADOR/(5948:5948): Proceso ENTRENADOR
[INFO] 00:51:29:936 ENTRENADOR/(5948:5948): Archivo de configuracion leido correctamente
[INFO] 00:51:29:943 ENTRENADOR/(5948:5948): Conectado al servidor
[INFO] 00:51:29:954 ENTRENADOR/(5948:5948): Se envio el mensaje
[INFO] 00:52:29:337 ENTRENADOR/(5995:5995): Proceso ENTRENADOR
[INFO] 00:52:30:484 ENTRENADOR/(5995:5995): Archivo de configuracion leido correctamente
[INFO] 00:52:30:490 ENTRENADOR/(5995:5995): Conectado al servidor
[INFO] 00:52:30:492 ENTRENADOR/(5995:5995): Se envio el mensaje
[INFO] 01:11:15:748 ENTRENADOR/(6489:6489): Proceso ENTRENADOR
[INFO] 01:11:20:576 ENTRENADOR/(6489:6489): Archivo de configuracion leido correctamente
[INFO] 01:11:37:141 ENTRENADOR/(6491:6491): Proceso ENTRENADOR
[INFO] 01:11:39:6 ENTRENADOR/(6491:6491): Archivo de configuracion leido correctamente
[INFO] 01:11:39:8 ENTRENADOR/(6491:6491): Conectado al servidor
[INFO] 01:11:39:9 ENTRENADOR/(6491:6491): Se envio el mensaje
[INFO] 01:13:17:191 ENTRENADOR/(6576:6576): Proceso ENTRENADOR
[INFO] 01:13:18:539 ENTRENADOR/(6576:6576): Archivo de configuracion leido correctamente
[INFO] 01:13:18:546 ENTRENADOR/(6576:6576): Conectado al servidor
[INFO] 01:13:18:547 ENTRENADOR/(6576:6576): Se envio el mensaje
[INFO] 01:13:59:673 ENTRENADOR/(6622:6622): Proceso ENTRENADOR
[INFO] 01:14:01:393 ENTRENADOR/(6622:6622): Archivo de configuracion leido correctamente
[INFO] 01:14:01:395 ENTRENADOR/(6622:6622): Conectado al servidor
[INFO] 01:14:01:399 ENTRENADOR/(6622:6622): Se envio el mensaje
[INFO] 01:14:08:84 ENTRENADOR/(6622:6622): Se envio el mensaje
[INFO] 01:14:08:499 ENTRENADOR/(6622:6622): Se envio el mensaje
[INFO] 01:14:08:916 ENTRENADOR/(6622:6622): Se envio el mensaje
[INFO] 01:16:21:268 ENTRENADOR/(6706:6706): Proceso ENTRENADOR
[INFO] 01:16:22:517 ENTRENADOR/(6706:6706): Archivo de configuracion leido correctamente
[INFO] 01:16:22:521 ENTRENADOR/(6706:6706): Conectado al servidor
[INFO] 01:16:22:529 ENTRENADOR/(6706:6706): Se envio el mensaje
[INFO] 01:16:59:181 ENTRENADOR/(6737:6737): Proceso ENTRENADOR
[INFO] 01:17:00:478 ENTRENADOR/(6737:6737): Archivo de configuracion leido correctamente
[INFO] 01:17:00:482 ENTRENADOR/(6737:6737): Conectado al servidor
[INFO] 01:17:00:483 ENTRENADOR/(6737:6737): Se envio el mensaje
[INFO] 01:17:49:488 ENTRENADOR/(6781:6781): Proceso ENTRENADOR
[INFO] 01:17:50:497 ENTRENADOR/(6781:6781): Archivo de configuracion leido correctamente
[INFO] 01:17:50:504 ENTRENADOR/(6781:6781): Conectado al servidor
[INFO] 01:17:50:507 ENTRENADOR/(6781:6781): Se envio el mensaje
[INFO] 22:40:39:815 ENTRENADOR/(5666:5666): Proceso ENTRENADOR
[INFO] 22:40:42:199 ENTRENADOR/(5666:5666): Archivo de configuracion leido correctamente
[INFO] 22:42:00:578 ENTRENADOR/(5721:5721): Proceso ENTRENADOR
[INFO] 22:42:03:562 ENTRENADOR/(5721:5721): Archivo de configuracion leido correctamente
[INFO] 22:42:03:565 ENTRENADOR/(5721:5721): Conectado al servidor
[INFO] 22:42:03:567 ENTRENADOR/(5721:5721): Se envio el mensaje
[INFO] 15:48:10:439 ENTRENADOR/(2574:2574): Proceso ENTRENADOR
[INFO] 15:48:13:789 ENTRENADOR/(2574:2574): Archivo de configuracion leido correctamente
[INFO] 15:48:13:790 ENTRENADOR/(2574:2574): Conectado al servidor
[INFO] 15:48:13:790 ENTRENADOR/(2574:2574): Se envio el mensaje
[INFO] 15:48:33:446 ENTRENADOR/(2574:2574): Se envio el mensaje
[INFO] 15:48:34:594 ENTRENADOR/(2574:2574): Se envio el mensaje
[INFO] 15:48:35:283 ENTRENADOR/(2574:2574): Se envio el mensaje
[INFO] 15:48:36:630 ENTRENADOR/(2574:2574): Se envio el mensaje
[INFO] 15:48:36:932 ENTRENADOR/(2574:2574): Se envio el mensaje
[INFO] 15:59:54:160 ENTRENADOR/(12104:12104): Proceso ENTRENADOR
[INFO] 15:59:55:974 ENTRENADOR/(12104:12104): El personaje se desconecto
[INFO] 16:00:00:164 ENTRENADOR/(12105:12105): Proceso ENTRENADOR
[INFO] 16:01:54:238 ENTRENADOR/(12105:12105): El personaje se desconecto
[INFO] 16:01:56:57 ENTRENADOR/(12228:12228): Proceso ENTRENADOR
[INFO] 16:02:06:439 ENTRENADOR/(12230:12230): Proceso ENTRENADOR
[INFO] 16:02:07:756 ENTRENADOR/(12230:12230): Archivo de configuracion leido correctamente
[INFO] 16:02:45:576 ENTRENADOR/(12272:12272): Proceso ENTRENADOR
[INFO] 16:02:46:465 ENTRENADOR/(12272:12272): Archivo de configuracion leido correctamente
[INFO] 16:02:46:466 ENTRENADOR/(12272:12272): Conectado al servidor
[INFO] 16:02:46:466 ENTRENADOR/(12272:12272): Se envio el mensaje
[INFO] 16:02:53:73 ENTRENADOR/(12272:12272): Se envio el mensaje
[INFO] 16:02:57:332 ENTRENADOR/(12272:12272): Se envio el mensaje
[INFO] 16:03:53:892 ENTRENADOR/(12272:12272): El personaje se desconecto
[INFO] 16:03:55:777 ENTRENADOR/(12314:12314): Proceso ENTRENADOR
[INFO] 16:03:57:629 ENTRENADOR/(12314:12314): Archivo de configuracion leido correctamente
[INFO] 16:03:57:630 ENTRENADOR/(12314:12314): Conectado al servidor
[INFO] 16:03:57:630 ENTRENADOR/(12314:12314): Se envio el mensaje
[INFO] 16:04:25:930 ENTRENADOR/(12314:12314): Se envio el mensaje
[INFO] 16:04:41:388 ENTRENADOR/(12314:12314): Se envio el mensaje
[INFO] 16:04:53:580 ENTRENADOR/(12314:12314): Se envio el mensaje
[INFO] 16:05:08:125 ENTRENADOR/(12314:12314): Se envio el mensaje
[INFO] 16:05:12:829 ENTRENADOR/(12314:12314): El personaje se desconecto
[INFO] 16:05:37:734 ENTRENADOR/(12369:12369): Proceso ENTRENADOR
[INFO] 16:05:38:541 ENTRENADOR/(12369:12369): Archivo de configuracion leido correctamente
[INFO] 16:05:38:541 ENTRENADOR/(12369:12369): Conectado al servidor
[INFO] 16:05:38:541 ENTRENADOR/(12369:12369): Se envio el mensaje
[INFO] 16:05:50:902 ENTRENADOR/(12369:12369): El personaje Red recibio una vida por señal y actualmente tiene 6 vidas.

[INFO] 16:05:55:311 ENTRENADOR/(12369:12369): El personaje Red recibio una vida por señal y actualmente tiene 7 vidas.

[INFO] 16:05:55:930 ENTRENADOR/(12369:12369): El personaje Red recibio una vida por señal y actualmente tiene 8 vidas.

[INFO] 16:05:56:222 ENTRENADOR/(12369:12369): El personaje Red recibio una vida por señal y actualmente tiene 9 vidas.

[INFO] 16:05:56:483 ENTRENADOR/(12369:12369): El personaje Red recibio una vida por señal y actualmente tiene 10 vidas.

[INFO] 16:05:56:828 ENTRENADOR/(12369:12369): El personaje Red recibio una vida por señal y actualmente tiene 11 vidas.

[INFO] 16:06:01:224 ENTRENADOR/(12369:12369): El personaje Red perdio una vida por señal y actualmente tiene 10 vidas. Lleva 0 reintentos

[INFO] 16:06:02:568 ENTRENADOR/(12369:12369): El personaje Red perdio una vida por señal y actualmente tiene 9 vidas. Lleva 0 reintentos

[INFO] 16:06:02:828 ENTRENADOR/(12369:12369): El personaje Red perdio una vida por señal y actualmente tiene 8 vidas. Lleva 0 reintentos

[INFO] 16:06:03:50 ENTRENADOR/(12369:12369): El personaje Red perdio una vida por señal y actualmente tiene 7 vidas. Lleva 0 reintentos

[INFO] 16:06:03:270 ENTRENADOR/(12369:12369): El personaje Red perdio una vida por señal y actualmente tiene 6 vidas. Lleva 0 reintentos

[INFO] 16:06:03:565 ENTRENADOR/(12369:12369): El personaje Red perdio una vida por señal y actualmente tiene 5 vidas. Lleva 0 reintentos

[INFO] 16:06:03:826 ENTRENADOR/(12369:12369): El personaje Red perdio una vida por señal y actualmente tiene 4 vidas. Lleva 0 reintentos

[INFO] 16:06:04:67 ENTRENADOR/(12369:12369): El personaje Red perdio una vida por señal y actualmente tiene 3 vidas. Lleva 0 reintentos

[INFO] 16:06:04:338 ENTRENADOR/(12369:12369): El personaje Red perdio una vida por señal y actualmente tiene 2 vidas. Lleva 0 reintentos

[INFO] 16:06:04:682 ENTRENADOR/(12369:12369): El personaje Red perdio una vida por señal y actualmente tiene 1 vidas. Lleva 0 reintentos

[INFO] 16:06:04:912 ENTRENADOR/(12369:12369): El personaje Red perdio una vida por señal y actualmente tiene 0 vidas. Lleva 0 reintentos

[INFO] 16:08:23:533 ENTRENADOR/(12369:12369): El personaje se desconecto
