[INFO] 23:07:19:6 Pokedex Servidor/(3276:3276): Proceso File System
[INFO] 23:11:15:149 Pokedex Servidor/(3355:3355): Proceso File System
[INFO] 23:12:01:532 Pokedex Servidor/(3386:3386): Proceso File System
[INFO] 23:12:07:584 Pokedex Servidor/(3417:3417): Proceso File System
[INFO] 23:15:14:462 Pokedex Servidor/(3550:3550): Proceso File System
[INFO] 23:15:33:590 Pokedex Servidor/(3565:3565): Proceso File System
[INFO] 23:17:02:841 Pokedex Servidor/(3703:3703): Proceso File System
[INFO] 23:18:32:922 Pokedex Servidor/(3765:3765): Proceso File System
[INFO] 23:18:32:923 Pokedex Servidor/(3765:3765): Identificador (bytes): OsadaFS

[INFO] 23:18:32:923 Pokedex Servidor/(3765:3765): Version: 1

[INFO] 23:18:32:923 Pokedex Servidor/(3765:3765): Tama침o FS: 1562500

[INFO] 23:18:32:923 Pokedex Servidor/(3765:3765): Tama침o Bitmap: 3052

[INFO] 23:18:32:923 Pokedex Servidor/(3765:3765): Inicio tabla asignaciones: 4077

[INFO] 23:18:32:923 Pokedex Servidor/(3765:3765): Tama침o datos: 1461021

[INFO] 23:18:32:923 Pokedex Servidor/(3765:3765): Relleno: 141640264


[INFO] 00:24:48:987 Pokedex Servidor/(4499:4499): Proceso File System
[INFO] 00:35:34:690 Pokedex Servidor/(4996:4996): Proceso File System
[INFO] 00:35:34:695 Pokedex Servidor/(4996:4996): Identificador (bytes): OsadaFS

[INFO] 00:35:34:695 Pokedex Servidor/(4996:4996): Version: 1

[INFO] 00:35:34:695 Pokedex Servidor/(4996:4996): Tama침o FS: 1562500

[INFO] 00:35:34:695 Pokedex Servidor/(4996:4996): Tama침o Bitmap: 3052

[INFO] 00:35:34:695 Pokedex Servidor/(4996:4996): Inicio tabla asignaciones: 4077

[INFO] 00:35:34:695 Pokedex Servidor/(4996:4996): Tama침o datos: 1461021

[INFO] 00:35:34:697 Pokedex Servidor/(4996:4996): Relleno: 143270472


[INFO] 23:58:30:968 Pokedex Servidor/(2512:2512): Proceso File System
[INFO] 23:58:47:26 Pokedex Servidor/(2553:2553): Proceso File System
[INFO] 23:59:06:145 Pokedex Servidor/(2572:2572): Proceso File System
[INFO] 23:59:27:294 Pokedex Servidor/(2608:2608): Proceso File System
[INFO] 00:00:01:451 Pokedex Servidor/(2687:2687): Proceso File System
[INFO] 00:00:30:177 Pokedex Servidor/(2716:2716): Proceso File System
[INFO] 00:00:33:912 Pokedex Servidor/(2732:2732): Proceso File System
[INFO] 00:00:35:591 Pokedex Servidor/(2746:2746): Proceso File System
[INFO] 00:00:43:224 Pokedex Servidor/(2779:2779): Proceso File System
[INFO] 00:00:51:438 Pokedex Servidor/(2820:2820): Proceso File System
[INFO] 00:02:07:152 Pokedex Servidor/(2895:2895): Proceso File System
[INFO] 00:02:34:440 Pokedex Servidor/(2942:2942): Proceso File System
[INFO] 00:04:36:923 Pokedex Servidor/(3035:3035): Proceso File System
[INFO] 00:05:57:61 Pokedex Servidor/(3159:3159): Proceso File System
