[INFO] 01:40:54:244 ENTRENADOR/(7959:7959): Proceso ENTRENADOR
[INFO] 01:41:25:799 ENTRENADOR/(7959:7959): El personaje xEw∑xEw∑1:40:54:244 ENTRDNADOR/(7959:7959): â perdio una vida por se√±al y actualmente tiene 1145130564 vidas.

[INFO] 01:41:31:412 ENTRENADOR/(7986:7986): Proceso ENTRENADOR
[INFO] 01:41:45:863 ENTRENADOR/(7986:7986): Archivo de configuracion leido correctamente
[INFO] 01:41:45:864 ENTRENADOR/(7986:7986): Conectado al servidor
[INFO] 01:42:15:902 ENTRENADOR/(7986:7986): El personaje Red perdio una vida por se√±al y actualmente tiene 4 vidas.

[INFO] 01:42:20:592 ENTRENADOR/(8015:8015): Proceso ENTRENADOR
[INFO] 01:42:31:284 ENTRENADOR/(8015:8015): Archivo de configuracion leido correctamente
[INFO] 01:42:31:284 ENTRENADOR/(8015:8015): Conectado al servidor
[INFO] 01:42:44:410 ENTRENADOR/(8015:8015): Conectado al servidor
[INFO] 01:42:58:79 ENTRENADOR/(8015:8015): Conectado al servidor
[INFO] 01:45:14:66 ENTRENADOR/(8109:8109): Proceso ENTRENADOR
[INFO] 01:45:16:509 ENTRENADOR/(8109:8109): Archivo de configuracion leido correctamente
[INFO] 01:45:16:510 ENTRENADOR/(8109:8109): Conectado al servidor
[INFO] 01:45:19:951 ENTRENADOR/(8109:8109): Conectado al servidor
[INFO] 01:45:24:320 ENTRENADOR/(8109:8109): Conectado al servidor
[INFO] 01:47:49:181 ENTRENADOR/(8169:8169): Proceso ENTRENADOR
[INFO] 01:47:52:878 ENTRENADOR/(8169:8169): Archivo de configuracion leido correctamente
[INFO] 01:47:58:805 ENTRENADOR/(8169:8169): Conectado al servidor
[INFO] 01:48:07:433 ENTRENADOR/(8169:8169): Conectado al servidor
[INFO] 01:48:17:303 ENTRENADOR/(8169:8169): Conectado al servidor
